<?xml version="1.0" encoding="UTF-8"?>
<!-- Generated by org.testng.reporters.JUnitReportReporter -->
<testsuite hostname="95-PC" name="ConfigurationAnnotations.DBConfig" tests="2" failures="0" timestamp="20 Jan 2019 02:18:10 GMT" time="0.013" errors="0">
  <testcase name="f" time="0.012" classname="ConfigurationAnnotations.DBConfig"/>
  <testcase name="f" time="0.001" classname="ConfigurationAnnotations.DBConfig"/>
</testsuite> <!-- ConfigurationAnnotations.DBConfig -->
