<?xml version="1.0" encoding="UTF-8"?>
<!-- Generated by org.testng.reporters.JUnitReportReporter -->
<testsuite hostname="95-PC" name="com.zhai1.testngdemo.TestHelloWorld" tests="1" failures="0" timestamp="20 Jan 2019 01:48:16 GMT" time="0.012" errors="0">
  <testcase name="testEmailGenerator" time="0.012" classname="com.zhai1.testngdemo.TestHelloWorld"/>
</testsuite> <!-- com.zhai1.testngdemo.TestHelloWorld -->
