<?xml version="1.0" encoding="UTF-8"?>
<!-- Generated by org.testng.reporters.JUnitReportReporter -->
<testsuite hostname="95-PC" name="groupTest.TestGroup" tests="7" failures="0" timestamp="20 Jan 2019 06:29:12 GMT" time="0.025" errors="0">
  <testcase name="testConnectMsSQL" time="0.002" classname="groupTest.TestGroup"/>
  <testcase name="runSelenium" time="0.001" classname="groupTest.TestGroup"/>
  <testcase name="runSelenium" time="0.011" classname="groupTest.TestGroup"/>
  <testcase name="runSelenium1" time="0.001" classname="groupTest.TestGroup"/>
  <testcase name="testConnectOracle" time="0.004" classname="groupTest.TestGroup"/>
  <testcase name="runFinal" time="0.005" classname="groupTest.TestGroup"/>
  <testcase name="runSelenium1" time="0.001" classname="groupTest.TestGroup"/>
</testsuite> <!-- groupTest.TestGroup -->
