<?xml version="1.0" encoding="UTF-8"?>
<!-- Generated by org.testng.reporters.JUnitReportReporter -->
<testsuite hostname="95-PC" name="Parameters.TestParameterDataProvider2" tests="1" failures="0" timestamp="20 Jan 2019 07:21:46 GMT" time="0.011" errors="0">
  <testcase name="testConnection" time="0.011" classname="Parameters.TestParameterDataProvider2"/>
</testsuite> <!-- Parameters.TestParameterDataProvider2 -->
