<?xml version="1.0" encoding="UTF-8"?>
<!-- Generated by org.testng.reporters.JUnitReportReporter -->
<testsuite hostname="95-PC" name="ExpectedExceptionTest.TestRuntime" tests="1" failures="0" timestamp="20 Jan 2019 02:29:42 GMT" time="0.012" errors="0">
  <testcase name="divisionWithException" time="0.012" classname="ExpectedExceptionTest.TestRuntime"/>
</testsuite> <!-- ExpectedExceptionTest.TestRuntime -->
