<?xml version="1.0" encoding="UTF-8"?>
<!-- Generated by org.testng.reporters.JUnitReportReporter -->
<testsuite hostname="95-PC" name="Parameters.TestParameterDataProvider3" tests="4" failures="0" timestamp="20 Jan 2019 07:49:06 GMT" time="0.017" errors="0">
  <testcase name="test2" time="0.002" classname="Parameters.TestParameterDataProvider3"/>
  <testcase name="test2" time="0.002" classname="Parameters.TestParameterDataProvider3"/>
  <testcase name="test1" time="0.001" classname="Parameters.TestParameterDataProvider3"/>
  <testcase name="test1" time="0.012" classname="Parameters.TestParameterDataProvider3"/>
</testsuite> <!-- Parameters.TestParameterDataProvider3 -->
