<?xml version="1.0" encoding="UTF-8"?>
<!-- Generated by org.testng.reporters.JUnitReportReporter -->
<testsuite hostname="95-PC" name="Parameters.TestParameterDataProvider" tests="3" failures="0" timestamp="20 Jan 2019 07:01:35 GMT" time="0.015" errors="0">
  <testcase name="test" time="0.011" classname="Parameters.TestParameterDataProvider"/>
  <testcase name="test" time="0.002" classname="Parameters.TestParameterDataProvider"/>
  <testcase name="test" time="0.002" classname="Parameters.TestParameterDataProvider"/>
</testsuite> <!-- Parameters.TestParameterDataProvider -->
