<?xml version="1.0" encoding="UTF-8"?>
<!-- Generated by org.testng.reporters.JUnitReportReporter -->
<testsuite hostname="95-PC" name="Parameters.TestParameterXML" tests="1" failures="0" timestamp="20 Jan 2019 06:57:11 GMT" time="0.013" errors="0">
  <testcase name="createConnection" time="0.013" classname="Parameters.TestParameterXML"/>
</testsuite> <!-- Parameters.TestParameterXML -->
