<?xml version="1.0" encoding="UTF-8"?>
<!-- Generated by org.testng.reporters.JUnitReportReporter -->
<testsuite hostname="95-PC" name="ExpectedExceptionTest.TestCheckedException" tests="2" failures="0" timestamp="20 Jan 2019 03:03:27 GMT" time="0.006" errors="0">
  <testcase name="throwIfOrderIsNull" time="0.001" classname="ExpectedExceptionTest.TestCheckedException"/>
  <testcase name="throwIfOrderIsNotExists" time="0.005" classname="ExpectedExceptionTest.TestCheckedException"/>
</testsuite> <!-- ExpectedExceptionTest.TestCheckedException -->
