<?xml version="1.0" encoding="UTF-8"?>
<!-- Generated by org.testng.reporters.JUnitReportReporter -->
<testsuite hostname="95-PC" name="ConfigurationAnnotations.TestDBConnection" tests="4" failures="0" timestamp="20 Jan 2019 02:21:42 GMT" time="0.008" errors="0">
  <testcase name="runOtherTest2" time="0.002" classname="ConfigurationAnnotations.TestDBConnection"/>
  <testcase name="runOtherTest1" time="0.001" classname="ConfigurationAnnotations.TestDBConnection"/>
  <testcase name="runOtherTest2" time="0.001" classname="ConfigurationAnnotations.TestDBConnection"/>
  <testcase name="runOtherTest1" time="0.004" classname="ConfigurationAnnotations.TestDBConnection"/>
</testsuite> <!-- ConfigurationAnnotations.TestDBConnection -->
