<?xml version="1.0" encoding="UTF-8"?>
<!-- Generated by org.testng.reporters.JUnitReportReporter -->
<testsuite hostname="WINDOWS-BJRUN98" name="ConfigurationAnnotations.TestDBConnection" tests="2" failures="0" timestamp="21 Oct 2020 05:34:51 GMT" time="0.032" errors="0">
  <testcase name="runOtherTest2" time="0.006" classname="ConfigurationAnnotations.TestDBConnection"/>
  <testcase name="runOtherTest1" time="0.026" classname="ConfigurationAnnotations.TestDBConnection"/>
</testsuite> <!-- ConfigurationAnnotations.TestDBConnection -->
