<?xml version="1.0" encoding="UTF-8"?>
<!-- Generated by org.testng.reporters.JUnitReportReporter -->
<testsuite hostname="95-PC" name="invocationCountAndthreadPoolSize.TestRepeatThis" tests="10" failures="0" timestamp="20 Jan 2019 08:17:04 GMT" time="0.026" errors="0">
  <testcase name="repeatThis" time="0.011" classname="invocationCountAndthreadPoolSize.TestRepeatThis"/>
  <testcase name="repeatThis" time="0.001" classname="invocationCountAndthreadPoolSize.TestRepeatThis"/>
  <testcase name="repeatThis" time="0.002" classname="invocationCountAndthreadPoolSize.TestRepeatThis"/>
  <testcase name="repeatThis" time="0.001" classname="invocationCountAndthreadPoolSize.TestRepeatThis"/>
  <testcase name="repeatThis" time="0.003" classname="invocationCountAndthreadPoolSize.TestRepeatThis"/>
  <testcase name="repeatThis" time="0.001" classname="invocationCountAndthreadPoolSize.TestRepeatThis"/>
  <testcase name="repeatThis" time="0.001" classname="invocationCountAndthreadPoolSize.TestRepeatThis"/>
  <testcase name="repeatThis" time="0.002" classname="invocationCountAndthreadPoolSize.TestRepeatThis"/>
  <testcase name="repeatThis" time="0.002" classname="invocationCountAndthreadPoolSize.TestRepeatThis"/>
  <testcase name="repeatThis" time="0.002" classname="invocationCountAndthreadPoolSize.TestRepeatThis"/>
</testsuite> <!-- invocationCountAndthreadPoolSize.TestRepeatThis -->
