<?xml version="1.0" encoding="UTF-8"?>
<!-- Generated by org.testng.reporters.JUnitReportReporter -->
<testsuite hostname="95-PC" name="Parameters.TestParameterDataProvider4" tests="1" failures="0" timestamp="20 Jan 2019 08:00:54 GMT" time="0.010" errors="0">
  <testcase name="test1" time="0.010" classname="Parameters.TestParameterDataProvider4"/>
</testsuite> <!-- Parameters.TestParameterDataProvider4 -->
