<?xml version="1.0" encoding="UTF-8"?>
<!-- Generated by org.testng.reporters.JUnitReportReporter -->
<testsuite hostname="95-PC" name="IgnoreTest.TestIgnore" tests="2" failures="0" timestamp="20 Jan 2019 03:13:47 GMT" time="0.013" errors="0">
  <testcase name="test2" time="0.002" classname="IgnoreTest.TestIgnore"/>
  <testcase name="test1" time="0.011" classname="IgnoreTest.TestIgnore"/>
</testsuite> <!-- IgnoreTest.TestIgnore -->
